{
  "RSpec": {
    "coverage": {
      "/mnt/c/Users/mat5b/OneDrive/Escritorio/Computacion/AYDS/AyDS-Proyecto-2024/src/spec/account_answer_spec.rb": {
        "lines": [
          null,
          null,
          1,
          null,
          1,
          1,
          1,
          1,
          1,
          null,
          null,
          null
        ]
      },
      "/mnt/c/Users/mat5b/OneDrive/Escritorio/Computacion/AYDS/AyDS-Proyecto-2024/src/models/init.rb": {
        "lines": [
          null,
          null,
          1,
          null,
          1,
          1,
          1,
          1,
          1,
          1,
          1,
          1,
          1,
          1
        ]
      },
      "/mnt/c/Users/mat5b/OneDrive/Escritorio/Computacion/AYDS/AyDS-Proyecto-2024/src/models/account.rb": {
        "lines": [
          null,
          null,
          null,
          null,
          null,
          null,
          1,
          1,
          1,
          null,
          1,
          1,
          null,
          1,
          null,
          1,
          1,
          1,
          1,
          1,
          1,
          1,
          1,
          null,
          1,
          null,
          1,
          0,
          null,
          null,
          1,
          null,
          1,
          0,
          null,
          null,
          1,
          0,
          0,
          null,
          null,
          1,
          0,
          0,
          0,
          0,
          null,
          null,
          1,
          0,
          0,
          0,
          0,
          null,
          null
        ]
      },
      "/mnt/c/Users/mat5b/OneDrive/Escritorio/Computacion/AYDS/AyDS-Proyecto-2024/src/models/trivia.rb": {
        "lines": [
          null,
          null,
          null,
          null,
          null,
          1,
          1,
          null,
          1,
          1,
          1,
          1,
          1,
          null,
          1,
          1,
          1,
          1,
          null
        ]
      },
      "/mnt/c/Users/mat5b/OneDrive/Escritorio/Computacion/AYDS/AyDS-Proyecto-2024/src/models/test.rb": {
        "lines": [
          null,
          null,
          null,
          null,
          null,
          1,
          1,
          1,
          1,
          null,
          1,
          1,
          1,
          1,
          1,
          1,
          null
        ]
      },
      "/mnt/c/Users/mat5b/OneDrive/Escritorio/Computacion/AYDS/AyDS-Proyecto-2024/src/models/question.rb": {
        "lines": [
          null,
          null,
          null,
          null,
          null,
          1,
          1,
          1,
          1,
          null,
          1,
          1,
          1,
          1,
          null
        ]
      },
      "/mnt/c/Users/mat5b/OneDrive/Escritorio/Computacion/AYDS/AyDS-Proyecto-2024/src/models/answer.rb": {
        "lines": [
          null,
          null,
          null,
          null,
          1,
          1,
          1,
          1,
          1,
          null,
          1,
          1,
          1,
          1,
          1,
          null
        ]
      },
      "/mnt/c/Users/mat5b/OneDrive/Escritorio/Computacion/AYDS/AyDS-Proyecto-2024/src/models/game.rb": {
        "lines": [
          null,
          null,
          null,
          null,
          1,
          1,
          1,
          1,
          null,
          1,
          1,
          1,
          1,
          null
        ]
      },
      "/mnt/c/Users/mat5b/OneDrive/Escritorio/Computacion/AYDS/AyDS-Proyecto-2024/src/models/account_answer.rb": {
        "lines": [
          null,
          null,
          null,
          null,
          null,
          1,
          1,
          1,
          1,
          1,
          1,
          null,
          1,
          null,
          1,
          0,
          null,
          null
        ]
      },
      "/mnt/c/Users/mat5b/OneDrive/Escritorio/Computacion/AYDS/AyDS-Proyecto-2024/src/models/account_test.rb": {
        "lines": [
          null,
          null,
          null,
          null,
          null,
          1,
          1,
          1,
          null,
          1,
          1,
          1,
          null,
          1,
          null,
          1,
          null,
          1,
          0,
          null,
          null
        ]
      },
      "/mnt/c/Users/mat5b/OneDrive/Escritorio/Computacion/AYDS/AyDS-Proyecto-2024/src/models/account_game.rb": {
        "lines": [
          null,
          null,
          null,
          null,
          null,
          1,
          1,
          1,
          1,
          null
        ]
      },
      "/mnt/c/Users/mat5b/OneDrive/Escritorio/Computacion/AYDS/AyDS-Proyecto-2024/src/models/account_trivia.rb": {
        "lines": [
          null,
          null,
          null,
          null,
          null,
          1,
          1,
          null,
          1,
          null,
          1,
          1,
          1,
          null,
          1,
          null,
          1,
          null,
          1,
          0,
          null,
          null
        ]
      },
      "/mnt/c/Users/mat5b/OneDrive/Escritorio/Computacion/AYDS/AyDS-Proyecto-2024/src/spec/account_game_spec.rb": {
        "lines": [
          null,
          null,
          1,
          null,
          1,
          1,
          1,
          1,
          1,
          null,
          null,
          1,
          1,
          1,
          null,
          null,
          null
        ]
      },
      "/mnt/c/Users/mat5b/OneDrive/Escritorio/Computacion/AYDS/AyDS-Proyecto-2024/src/spec/account_test_spec.rb": {
        "lines": [
          null,
          null,
          1,
          null,
          1,
          1,
          1,
          1,
          1,
          null,
          null,
          1,
          1,
          1,
          null,
          null,
          null
        ]
      },
      "/mnt/c/Users/mat5b/OneDrive/Escritorio/Computacion/AYDS/AyDS-Proyecto-2024/src/spec/account_trivias_spec.rb": {
        "lines": [
          null,
          null,
          1,
          null,
          1,
          1,
          1,
          1,
          1,
          null,
          null,
          1,
          1,
          1,
          null,
          null,
          null
        ]
      },
      "/mnt/c/Users/mat5b/OneDrive/Escritorio/Computacion/AYDS/AyDS-Proyecto-2024/src/spec/account_validations_spec.rb": {
        "lines": [
          null,
          null,
          1,
          1,
          1,
          1,
          1,
          null,
          1,
          1,
          5,
          null,
          null,
          1,
          2,
          null,
          1,
          1,
          null,
          null,
          null,
          1,
          1,
          2,
          null,
          1,
          1,
          null,
          null,
          null,
          1,
          2,
          null,
          1,
          1,
          null,
          null,
          null,
          1,
          2,
          null,
          1,
          1,
          null,
          null,
          null,
          1,
          2,
          null,
          1,
          1,
          null,
          null,
          null,
          null
        ]
      },
      "/mnt/c/Users/mat5b/OneDrive/Escritorio/Computacion/AYDS/AyDS-Proyecto-2024/src/spec/answer_spec.rb": {
        "lines": [
          null,
          null,
          1,
          null,
          1,
          1,
          1,
          1,
          1,
          null,
          null,
          1,
          1,
          1,
          null,
          null,
          1,
          1,
          1,
          null,
          null,
          1,
          1,
          1,
          null,
          null,
          1,
          1,
          1,
          null,
          null,
          null
        ]
      },
      "/mnt/c/Users/mat5b/OneDrive/Escritorio/Computacion/AYDS/AyDS-Proyecto-2024/src/spec/game_spec.rb": {
        "lines": [
          null,
          null,
          1,
          null,
          1,
          1,
          1,
          1,
          1,
          null,
          null,
          1,
          1,
          1,
          null,
          null,
          1,
          1,
          1,
          null,
          null,
          1,
          1,
          1,
          null,
          null,
          null
        ]
      },
      "/mnt/c/Users/mat5b/OneDrive/Escritorio/Computacion/AYDS/AyDS-Proyecto-2024/src/spec/question_spec.rb": {
        "lines": [
          null,
          null,
          1,
          null,
          1,
          1,
          1,
          1,
          1,
          null,
          null,
          1,
          1,
          1,
          null,
          null,
          1,
          1,
          1,
          null,
          null,
          1,
          1,
          1,
          null,
          null,
          null
        ]
      },
      "/mnt/c/Users/mat5b/OneDrive/Escritorio/Computacion/AYDS/AyDS-Proyecto-2024/src/spec/test_spec.rb": {
        "lines": [
          null,
          null,
          1,
          null,
          1,
          1,
          1,
          1,
          1,
          null,
          null,
          1,
          1,
          1,
          null,
          null,
          1,
          1,
          1,
          null,
          null,
          1,
          1,
          1,
          null,
          null,
          null
        ]
      },
      "/mnt/c/Users/mat5b/OneDrive/Escritorio/Computacion/AYDS/AyDS-Proyecto-2024/src/spec/trivia_spec.rb": {
        "lines": [
          null,
          null,
          1,
          null,
          1,
          1,
          1,
          1,
          null,
          null,
          null,
          null,
          null,
          null,
          1,
          null,
          null,
          null,
          1,
          1,
          1,
          1,
          null,
          null,
          1,
          1,
          1,
          null,
          null,
          1,
          1,
          1,
          null,
          null,
          1,
          1,
          1,
          null,
          null,
          1,
          1,
          1,
          null,
          null,
          null
        ]
      }
    },
    "timestamp": 1730569452
  }
}
